{"C:\\Users\\ary_h\\Documents\\Laboratoria\\git_workspace\\GDL004-md-links\\src\\parseURL.js": {"path":"C:\\Users\\ary_h\\Documents\\Laboratoria\\git_workspace\\GDL004-md-links\\src\\parseURL.js","statementMap":{"0":{"start":{"line":1,"column":11},"end":{"line":1,"column":24}},"1":{"start":{"line":3,"column":0},"end":{"line":38,"column":2}},"2":{"start":{"line":4,"column":15},"end":{"line":4,"column":17}},"3":{"start":{"line":5,"column":22},"end":{"line":5,"column":23}},"4":{"start":{"line":6,"column":22},"end":{"line":6,"column":143}},"5":{"start":{"line":7,"column":21},"end":{"line":7,"column":140}},"6":{"start":{"line":9,"column":1},"end":{"line":31,"column":2}},"7":{"start":{"line":11,"column":19},"end":{"line":11,"column":55}},"8":{"start":{"line":13,"column":16},"end":{"line":13,"column":44}},"9":{"start":{"line":16,"column":2},"end":{"line":30,"column":3}},"10":{"start":{"line":17,"column":3},"end":{"line":17,"column":20}},"11":{"start":{"line":20,"column":3},"end":{"line":28,"column":6}},"12":{"start":{"line":21,"column":19},"end":{"line":21,"column":44}},"13":{"start":{"line":22,"column":15},"end":{"line":26,"column":5}},"14":{"start":{"line":27,"column":4},"end":{"line":27,"column":16}},"15":{"start":{"line":29,"column":3},"end":{"line":29,"column":38}},"16":{"start":{"line":33,"column":1},"end":{"line":37,"column":2}},"17":{"start":{"line":34,"column":2},"end":{"line":34,"column":42}},"18":{"start":{"line":36,"column":2},"end":{"line":36,"column":17}}},"fnMap":{"0":{"name":"(anonymous_0)","decl":{"start":{"line":3,"column":28},"end":{"line":3,"column":29}},"loc":{"start":{"line":3,"column":44},"end":{"line":38,"column":1}},"line":3},"1":{"name":"(anonymous_1)","decl":{"start":{"line":20,"column":26},"end":{"line":20,"column":27}},"loc":{"start":{"line":20,"column":37},"end":{"line":28,"column":4}},"line":20}},"branchMap":{"0":{"loc":{"start":{"line":16,"column":2},"end":{"line":30,"column":3}},"type":"if","locations":[{"start":{"line":16,"column":2},"end":{"line":30,"column":3}},{"start":{"line":16,"column":2},"end":{"line":30,"column":3}}],"line":16},"1":{"loc":{"start":{"line":33,"column":1},"end":{"line":37,"column":2}},"type":"if","locations":[{"start":{"line":33,"column":1},"end":{"line":37,"column":2}},{"start":{"line":33,"column":1},"end":{"line":37,"column":2}}],"line":33}},"s":{"0":1,"1":1,"2":3,"3":3,"4":3,"5":3,"6":3,"7":5,"8":5,"9":5,"10":2,"11":3,"12":72,"13":72,"14":72,"15":3,"16":3,"17":1,"18":2},"f":{"0":3,"1":72},"b":{"0":[2,3],"1":[1,2]},"_coverageSchema":"1a1c01bbd47fc00a2c39e90264f33305004495a9","hash":"8166fd4b567738c53c13eb05c68e3657a085a5b5"}
,"C:\\Users\\ary_h\\Documents\\Laboratoria\\git_workspace\\GDL004-md-links\\src\\urlStatusCheck.js": {"path":"C:\\Users\\ary_h\\Documents\\Laboratoria\\git_workspace\\GDL004-md-links\\src\\urlStatusCheck.js","statementMap":{"0":{"start":{"line":1,"column":14},"end":{"line":1,"column":35}},"1":{"start":{"line":3,"column":0},"end":{"line":24,"column":2}},"2":{"start":{"line":5,"column":19},"end":{"line":22,"column":2}},"3":{"start":{"line":7,"column":21},"end":{"line":7,"column":23}},"4":{"start":{"line":8,"column":3},"end":{"line":16,"column":4}},"5":{"start":{"line":9,"column":4},"end":{"line":9,"column":44}},"6":{"start":{"line":12,"column":4},"end":{"line":15,"column":5}},"7":{"start":{"line":17,"column":16},"end":{"line":17,"column":55}},"8":{"start":{"line":18,"column":3},"end":{"line":18,"column":30}},"9":{"start":{"line":19,"column":3},"end":{"line":19,"column":48}},"10":{"start":{"line":20,"column":3},"end":{"line":20,"column":18}},"11":{"start":{"line":23,"column":1},"end":{"line":23,"column":20}}},"fnMap":{"0":{"name":"(anonymous_0)","decl":{"start":{"line":3,"column":34},"end":{"line":3,"column":35}},"loc":{"start":{"line":3,"column":53},"end":{"line":24,"column":1}},"line":3},"1":{"name":"(anonymous_1)","decl":{"start":{"line":6,"column":14},"end":{"line":6,"column":15}},"loc":{"start":{"line":6,"column":40},"end":{"line":21,"column":3}},"line":6}},"branchMap":{"0":{"loc":{"start":{"line":17,"column":16},"end":{"line":17,"column":55}},"type":"cond-expr","locations":[{"start":{"line":17,"column":42},"end":{"line":17,"column":46}},{"start":{"line":17,"column":49},"end":{"line":17,"column":55}}],"line":17}},"s":{"0":1,"1":1,"2":1,"3":13,"4":13,"5":13,"6":1,"7":13,"8":13,"9":13,"10":13,"11":1},"f":{"0":1,"1":13},"b":{"0":[6,7]},"_coverageSchema":"1a1c01bbd47fc00a2c39e90264f33305004495a9","hash":"941b6d132b0a7884645a4fe08c982f613a23b23b"}
,"C:\\Users\\ary_h\\Documents\\Laboratoria\\git_workspace\\GDL004-md-links\\src\\validateFile.js": {"path":"C:\\Users\\ary_h\\Documents\\Laboratoria\\git_workspace\\GDL004-md-links\\src\\validateFile.js","statementMap":{"0":{"start":{"line":1,"column":11},"end":{"line":1,"column":24}},"1":{"start":{"line":2,"column":13},"end":{"line":2,"column":28}},"2":{"start":{"line":4,"column":0},"end":{"line":26,"column":2}},"3":{"start":{"line":6,"column":19},"end":{"line":6,"column":21}},"4":{"start":{"line":7,"column":25},"end":{"line":7,"column":46}},"5":{"start":{"line":8,"column":2},"end":{"line":21,"column":3}},"6":{"start":{"line":10,"column":14},"end":{"line":10,"column":38}},"7":{"start":{"line":11,"column":3},"end":{"line":15,"column":4}},"8":{"start":{"line":12,"column":4},"end":{"line":14,"column":5}},"9":{"start":{"line":13,"column":5},"end":{"line":13,"column":46}},"10":{"start":{"line":16,"column":9},"end":{"line":21,"column":3}},"11":{"start":{"line":18,"column":3},"end":{"line":18,"column":29}},"12":{"start":{"line":20,"column":3},"end":{"line":20,"column":50}},"13":{"start":{"line":22,"column":2},"end":{"line":24,"column":3}},"14":{"start":{"line":23,"column":3},"end":{"line":23,"column":28}},"15":{"start":{"line":25,"column":2},"end":{"line":25,"column":20}}},"fnMap":{"0":{"name":"(anonymous_0)","decl":{"start":{"line":4,"column":32},"end":{"line":4,"column":33}},"loc":{"start":{"line":4,"column":46},"end":{"line":26,"column":1}},"line":4}},"branchMap":{"0":{"loc":{"start":{"line":8,"column":2},"end":{"line":21,"column":3}},"type":"if","locations":[{"start":{"line":8,"column":2},"end":{"line":21,"column":3}},{"start":{"line":8,"column":2},"end":{"line":21,"column":3}}],"line":8},"1":{"loc":{"start":{"line":12,"column":4},"end":{"line":14,"column":5}},"type":"if","locations":[{"start":{"line":12,"column":4},"end":{"line":14,"column":5}},{"start":{"line":12,"column":4},"end":{"line":14,"column":5}}],"line":12},"2":{"loc":{"start":{"line":16,"column":9},"end":{"line":21,"column":3}},"type":"if","locations":[{"start":{"line":16,"column":9},"end":{"line":21,"column":3}},{"start":{"line":16,"column":9},"end":{"line":21,"column":3}}],"line":16},"3":{"loc":{"start":{"line":16,"column":12},"end":{"line":16,"column":71}},"type":"binary-expr","locations":[{"start":{"line":16,"column":12},"end":{"line":16,"column":35}},{"start":{"line":16,"column":39},"end":{"line":16,"column":71}}],"line":16},"4":{"loc":{"start":{"line":22,"column":2},"end":{"line":24,"column":3}},"type":"if","locations":[{"start":{"line":22,"column":2},"end":{"line":24,"column":3}},{"start":{"line":22,"column":2},"end":{"line":24,"column":3}}],"line":22}},"s":{"0":1,"1":1,"2":1,"3":6,"4":6,"5":4,"6":2,"7":2,"8":6,"9":3,"10":2,"11":1,"12":1,"13":3,"14":1,"15":2},"f":{"0":6},"b":{"0":[2,2],"1":[3,3],"2":[1,1],"3":[2,2],"4":[1,2]},"_coverageSchema":"1a1c01bbd47fc00a2c39e90264f33305004495a9","hash":"79274235f11718a9491e29e7820e07b8469cbbfd"}
,"C:\\Users\\ary_h\\Documents\\Laboratoria\\git_workspace\\GDL004-md-links\\test\\_mock_\\mockInfo.js": {"path":"C:\\Users\\ary_h\\Documents\\Laboratoria\\git_workspace\\GDL004-md-links\\test\\_mock_\\mockInfo.js","statementMap":{"0":{"start":{"line":1,"column":0},"end":{"line":67,"column":1}}},"fnMap":{},"branchMap":{},"s":{"0":1},"f":{},"b":{},"_coverageSchema":"1a1c01bbd47fc00a2c39e90264f33305004495a9","hash":"0edbeca92e53fdd8a2610608d110fbeacd097883"}
,"C:\\Users\\ary_h\\Documents\\Laboratoria\\git_workspace\\GDL004-md-links\\test\\_mock_\\mockInfoMultipleFile.js": {"path":"C:\\Users\\ary_h\\Documents\\Laboratoria\\git_workspace\\GDL004-md-links\\test\\_mock_\\mockInfoMultipleFile.js","statementMap":{"0":{"start":{"line":1,"column":0},"end":{"line":297,"column":3}}},"fnMap":{},"branchMap":{},"s":{"0":1},"f":{},"b":{},"_coverageSchema":"1a1c01bbd47fc00a2c39e90264f33305004495a9","hash":"33ae892e90845fb9b58dcb9e959ff9775d11ba44"}
,"C:\\Users\\ary_h\\Documents\\Laboratoria\\git_workspace\\GDL004-md-links\\test\\_mock_\\mockURLvalidate.js": {"path":"C:\\Users\\ary_h\\Documents\\Laboratoria\\git_workspace\\GDL004-md-links\\test\\_mock_\\mockURLvalidate.js","statementMap":{"0":{"start":{"line":1,"column":0},"end":{"line":93,"column":1}}},"fnMap":{},"branchMap":{},"s":{"0":1},"f":{},"b":{},"_coverageSchema":"1a1c01bbd47fc00a2c39e90264f33305004495a9","hash":"47625ce1745ea47659961eeb6ad607988fae7e3d"}
}
