TN:
SF:src\parseURL.js
FN:3,(anonymous_0)
FN:20,(anonymous_1)
FNF:2
FNH:2
FNDA:3,(anonymous_0)
FNDA:72,(anonymous_1)
DA:1,1
DA:3,1
DA:4,3
DA:5,3
DA:6,3
DA:7,3
DA:9,3
DA:11,5
DA:13,5
DA:16,5
DA:17,2
DA:20,3
DA:21,72
DA:22,72
DA:27,72
DA:29,3
DA:33,3
DA:34,1
DA:36,2
LF:19
LH:19
BRDA:16,0,0,2
BRDA:16,0,1,3
BRDA:33,1,0,1
BRDA:33,1,1,2
BRF:4
BRH:4
end_of_record
TN:
SF:src\urlStatusCheck.js
FN:3,(anonymous_0)
FN:6,(anonymous_1)
FNF:2
FNH:2
FNDA:1,(anonymous_0)
FNDA:13,(anonymous_1)
DA:1,1
DA:3,1
DA:5,1
DA:7,13
DA:8,13
DA:9,13
DA:12,1
DA:17,13
DA:18,13
DA:19,13
DA:20,13
DA:23,1
LF:12
LH:12
BRDA:17,0,0,6
BRDA:17,0,1,7
BRF:2
BRH:2
end_of_record
TN:
SF:src\validateFile.js
FN:4,(anonymous_0)
FNF:1
FNH:1
FNDA:6,(anonymous_0)
DA:1,1
DA:2,1
DA:4,1
DA:6,6
DA:7,6
DA:8,4
DA:10,2
DA:11,2
DA:12,6
DA:13,3
DA:16,2
DA:18,1
DA:20,1
DA:22,3
DA:23,1
DA:25,2
LF:16
LH:16
BRDA:8,0,0,2
BRDA:8,0,1,2
BRDA:12,1,0,3
BRDA:12,1,1,3
BRDA:16,2,0,1
BRDA:16,2,1,1
BRDA:16,3,0,2
BRDA:16,3,1,2
BRDA:22,4,0,1
BRDA:22,4,1,2
BRF:10
BRH:10
end_of_record
TN:
SF:test\_mock_\mockInfo.js
FNF:0
FNH:0
DA:1,1
LF:1
LH:1
BRF:0
BRH:0
end_of_record
TN:
SF:test\_mock_\mockInfoMultipleFile.js
FNF:0
FNH:0
DA:1,1
LF:1
LH:1
BRF:0
BRH:0
end_of_record
TN:
SF:test\_mock_\mockURLvalidate.js
FNF:0
FNH:0
DA:1,1
LF:1
LH:1
BRF:0
BRH:0
end_of_record
